\BOOKMARK [1][-]{section.1}{\376\377\000A\000n\000a\000l\000y\000s\000e\000\040\000i\000n\000\040\0001\000\040\000v\000e\000r\000a\000n\000d\000e\000r\000l\000i\000j\000k\000e\000:\000\040\000e\000n\000k\000e\000l\000e\000\040\000a\000s\000p\000e\000c\000t\000e\000n}{}% 1
\BOOKMARK [2][-]{subsection.1.1}{\376\377\000C\000o\000n\000t\000i\000n\000u\000i\000t\000e\000i\000t\000s\000e\000i\000g\000e\000n\000s\000c\000h\000a\000p\000p\000e\000n\000\040\000v\000a\000n\000\040\000f\000u\000n\000c\000t\000i\000e\000s}{section.1}% 2
\BOOKMARK [2][-]{subsection.1.2}{\376\377\000T\000a\000y\000l\000o\000r\000o\000n\000t\000w\000i\000k\000k\000e\000l\000i\000n\000g}{section.1}% 3
\BOOKMARK [2][-]{subsection.1.3}{\376\377\000T\000w\000e\000e\000\040\000e\000e\000n\000v\000o\000u\000d\000i\000g\000e\000\040\000d\000i\000f\000f\000e\000r\000e\000n\000t\000i\000a\000a\000l\000v\000e\000r\000g\000e\000l\000i\000j\000k\000i\000n\000g\000e\000n}{section.1}% 4
\BOOKMARK [3][-]{subsubsection.1.3.1}{\376\377\000E\000e\000r\000s\000t\000e\000\040\000o\000r\000d\000e\000\040\000d\000i\000f\000f\000e\000r\000e\000n\000t\000i\000a\000a\000l\000v\000e\000r\000g\000e\000l\000i\000j\000k\000i\000n\000g}{subsection.1.3}% 5
\BOOKMARK [3][-]{subsubsection.1.3.2}{\376\377\000T\000w\000e\000e\000d\000e\000\040\000o\000r\000d\000e\000\040\000d\000i\000f\000f\000e\000r\000e\000n\000t\000i\000a\000a\000l\000v\000e\000r\000g\000e\000l\000i\000j\000k\000i\000n\000g}{subsection.1.3}% 6
\BOOKMARK [3][-]{subsubsection.1.3.3}{\376\377\000C\000o\000m\000p\000l\000e\000x\000e\000\040\000g\000e\000t\000a\000l\000l\000e\000n}{subsection.1.3}% 7
\BOOKMARK [3][-]{subsubsection.1.3.4}{\376\377\000H\000o\000o\000f\000d\000s\000t\000e\000l\000l\000i\000n\000g\000\040\000v\000a\000n\000\040\000d\000e\000\040\000a\000l\000g\000e\000b\000r\000a}{subsection.1.3}% 8
\BOOKMARK [1][-]{section.2}{\376\377\000L\000i\000n\000e\000a\000r\000e\000\040\000A\000l\000g\000e\000b\000r\000a}{}% 9
\BOOKMARK [2][-]{subsection.2.1}{\376\377\000L\000i\000n\000e\000a\000r\000e\000\040\000o\000n\000a\000f\000h\000a\000n\000l\000i\000j\000k\000h\000e\000i\000d}{section.2}% 10
\BOOKMARK [2][-]{subsection.2.2}{\376\377\000I\000n\000p\000r\000o\000d\000u\000c\000t\000,\000\040\000N\000o\000r\000m\000,\000\040\000O\000r\000t\000h\000o\000g\000o\000n\000a\000l\000i\000t\000e\000i\000t}{section.2}% 11
\BOOKMARK [2][-]{subsection.2.3}{\376\377\000G\000r\000a\000m\000m\000-\000S\000c\000h\000m\000i\000d\000t}{section.2}% 12
\BOOKMARK [3][-]{subsubsection.2.3.1}{\376\377\000V\000o\000o\000r\000b\000e\000e\000l\000d\000\040\000G\000r\000a\000m\000m\000-\000S\000c\000h\000m\000i\000d\000t}{subsection.2.3}% 13
\BOOKMARK [2][-]{subsection.2.4}{\376\377\000M\000a\000t\000r\000i\000c\000e\000s}{section.2}% 14
\BOOKMARK [2][-]{subsection.2.5}{\376\377\000K\000o\000l\000o\000m\000r\000u\000i\000m\000t\000e\000,\000\040\000r\000i\000j\000r\000u\000i\000m\000t\000e\000,\000\040\000n\000u\000l\000r\000u\000i\000m\000t\000e}{section.2}% 15
\BOOKMARK [3][-]{subsubsection.2.5.1}{\376\377\000V\000o\000o\000r\000b\000e\000e\000l\000d\000\040\000d\000e\000f\000i\000n\000i\000t\000i\000e\000s}{subsection.2.5}% 16
\BOOKMARK [2][-]{subsection.2.6}{\376\377\000M\000a\000t\000r\000i\000x\000\040\000I\000n\000v\000e\000r\000s\000e}{section.2}% 17
\BOOKMARK [2][-]{subsection.2.7}{\376\377\000P\000r\000o\000j\000e\000c\000t\000i\000e\000\040\000e\000n\000\040\000k\000l\000e\000i\000n\000s\000t\000e\000\040\000k\000w\000a\000d\000r\000a\000t\000e\000n\000\040\000b\000e\000n\000a\000d\000e\000r\000i\000n\000g}{section.2}% 18
\BOOKMARK [3][-]{subsubsection.2.7.1}{\376\377\000V\000o\000o\000r\000b\000e\000e\000l\000d\000\040\000P\000r\000o\000j\000e\000c\000t\000i\000e}{subsection.2.7}% 19
\BOOKMARK [2][-]{subsection.2.8}{\376\377\000K\000l\000e\000i\000n\000s\000t\000e\000\040\000k\000w\000a\000d\000r\000a\000t\000e\000n\000\040\000f\000i\000t}{section.2}% 20
\BOOKMARK [2][-]{subsection.2.9}{\376\377\000V\000i\000e\000r\000k\000a\000n\000t\000e\000\040\000m\000a\000t\000r\000i\000c\000e\000s}{section.2}% 21
\BOOKMARK [3][-]{subsubsection.2.9.1}{\376\377\000D\000e\000t\000e\000r\000m\000i\000n\000a\000n\000t}{subsection.2.9}% 22
\BOOKMARK [2][-]{subsection.2.10}{\376\377\000B\000a\000s\000i\000c\000\040\000r\000o\000t\000a\000t\000i\000o\000n\000\040\000m\000a\000t\000r\000i\000x}{section.2}% 23
\BOOKMARK [3][-]{subsubsection.2.10.1}{\376\377\000E\000x\000a\000m\000p\000l\000e}{subsection.2.10}% 24
\BOOKMARK [2][-]{subsection.2.11}{\376\377\000E\000i\000g\000e\000n\000v\000e\000c\000t\000o\000r\000e\000n\000,\000\040\000e\000i\000g\000e\000n\000w\000a\000a\000r\000d\000e\000n\000,\000\040\000d\000i\000a\000g\000o\000n\000a\000l\000i\000s\000a\000t\000i\000e\000\040\000e\000n\000\040\000d\000e\000\040\000J\000o\000r\000d\000a\000n\000-\000d\000e\000c\000o\000m\000p\000o\000s\000i\000t\000i\000e}{section.2}% 25
\BOOKMARK [2][-]{subsection.2.12}{\376\377\000J\000o\000r\000d\000a\000n\000\040\000F\000o\000r\000m}{section.2}% 26
\BOOKMARK [3][-]{subsubsection.2.12.1}{\376\377\000E\000x\000a\000m\000p\000l\000e}{subsection.2.12}% 27
\BOOKMARK [2][-]{subsection.2.13}{\376\377\000M\000a\000t\000r\000i\000x\000m\000a\000c\000h\000t\000e\000n\000\040\000e\000n\000\040\000i\000t\000e\000r\000a\000t\000i\000e\000v\000e\000\040\000m\000a\000t\000r\000i\000x\000v\000e\000r\000g\000e\000l\000i\000j\000k\000i\000n\000g\000e\000n}{section.2}% 28
\BOOKMARK [3][-]{subsubsection.2.13.1}{\376\377\000V\000o\000o\000r\000b\000e\000e\000l\000d}{subsection.2.13}% 29
\BOOKMARK [3][-]{subsubsection.2.13.2}{\376\377\000V\000o\000o\000r\000b\000e\000e\000l\000d\000\040\000M\000a\000r\000k\000o\000v\000\040\000p\000r\000o\000c\000e\000s}{subsection.2.13}% 30
\BOOKMARK [2][-]{subsection.2.14}{\376\377\000M\000a\000t\000r\000i\000x\000e\000x\000p\000o\000n\000e\000n\000t\000\040\000e\000n\000\040\000l\000i\000n\000e\000a\000i\000r\000e\000\040\000d\000i\000f\000f\000e\000r\000e\000n\000t\000i\000a\000a\000l\000v\000e\000r\000g\000e\000l\000i\000j\000k\000i\000n\000g\000e\000n}{section.2}% 31
\BOOKMARK [3][-]{subsubsection.2.14.1}{\376\377\000e\000e\000r\000s\000t\000e\000-\000o\000r\000d\000e\000\040\000d\000i\000f\000f\000e\000r\000e\000n\000t\000i\000a\000a\000l\000v\000e\000r\000g\000e\000l\000i\000j\000k\000i\000n\000g}{subsection.2.14}% 32
\BOOKMARK [3][-]{subsubsection.2.14.2}{\376\377\000n\000-\000d\000e\000\040\000d\000i\000f\000f\000e\000r\000e\000n\000t\000i\000a\000a\000l\000v\000e\000r\000g\000e\000l\000i\000j\000k\000i\000n}{subsection.2.14}% 33
\BOOKMARK [3][-]{subsubsection.2.14.3}{\376\377\000H\000e\000r\000s\000c\000h\000r\000i\000j\000f\000\040\000d\000e\000\040\000t\000w\000e\000e\000d\000e\000-\000o\000r\000d\000e\000\040\000d\000i\000f\000f\000e\000r\000e\000n\000t\000i\000a\000a\000l\000v\000e\000r\000g\000e\000l\000i\000j\000k\000i\000n\000g\000\040\000y\000'\000'\000\050\000t\000\051\000\040\000+\000\040\000w\0002\000\040\000y\000\050\000t\000\051\000\040\000=\000\040\0000}{subsection.2.14}% 34
\BOOKMARK [2][-]{subsection.2.15}{\376\377\000S\000y\000m\000m\000e\000t\000r\000i\000s\000c\000h\000e\000\040\000m\000a\000t\000r\000i\000c\000e\000s}{section.2}% 35
\BOOKMARK [2][-]{subsection.2.16}{\376\377\000S\000V\000D\000\040\000\050\000S\000i\000n\000g\000u\000l\000a\000r\000\040\000V\000a\000l\000u\000e\000\040\000D\000e\000c\000o\000m\000p\000o\000s\000i\000t\000i\000o\000n\000\051}{section.2}% 36
\BOOKMARK [3][-]{subsubsection.2.16.1}{\376\377\000E\000x\000a\000m\000p\000l\000e\000\040\000S\000V\000D}{subsection.2.16}% 37
